Remember that you can report errors and get help in https://github.com/NicoSantangelo/sublime-gulp

10-07-2014 16:54:

/home/cblop/.config/sublime-text-3/Packages/Gulp/write_tasks_to_cache.js:23
        throw ex;
              ^
ReferenceError: gulp is not defined
  at Object.<anonymous> (/home/cblop/Dropbox/yo/pjphaser/.sublime-gulp-tmp.js:13:19)
  at Module._compile (module.js:456:26)
  at Object.Module._extensions..js (module.js:474:10)
  at Module.load (module.js:356:32)
  at Function.Module._load (module.js:312:12)
  at Module.require (module.js:364:17)
  at require (module.js:380:17)
  at requireGulp (/home/cblop/.config/sublime-text-3/Packages/Gulp/write_tasks_to_cache.js:20:16)
  at Object.<anonymous> (/home/cblop/.config/sublime-text-3/Packages/Gulp/write_tasks_to_cache.js:46:12)
  at Module._compile (module.js:456:26)
  at Object.Module._extensions..js (module.js:474:10)
  at Module.load (module.js:356:32)
  at Function.Module._load (module.js:312:12)
  at Function.Module.runMain (module.js:497:10)
  at startup (node.js:119:16)
  at node.js:906:3



10-07-2014 16:56:

/home/cblop/.config/sublime-text-3/Packages/Gulp/write_tasks_to_cache.js:23
        throw ex;
              ^
ReferenceError: gulp is not defined
  at Object.<anonymous> (/home/cblop/Dropbox/yo/pjphaser/.sublime-gulp-tmp.js:13:19)
  at Module._compile (module.js:456:26)
  at Object.Module._extensions..js (module.js:474:10)
  at Module.load (module.js:356:32)
  at Function.Module._load (module.js:312:12)
  at Module.require (module.js:364:17)
  at require (module.js:380:17)
  at requireGulp (/home/cblop/.config/sublime-text-3/Packages/Gulp/write_tasks_to_cache.js:20:16)
  at Object.<anonymous> (/home/cblop/.config/sublime-text-3/Packages/Gulp/write_tasks_to_cache.js:46:12)
  at Module._compile (module.js:456:26)
  at Object.Module._extensions..js (module.js:474:10)
  at Module.load (module.js:356:32)
  at Function.Module._load (module.js:312:12)
  at Function.Module.runMain (module.js:497:10)
  at startup (node.js:119:16)
  at node.js:906:3

